<?xml version="1.0" encoding="UTF-8"?>
<!-- Generated by org.testng.reporters.JUnitReportReporter -->
<testsuite hostname="Raji" failures="0" tests="1" name="testCases.TC002_AccountLoginTest" time="1.284" errors="0" timestamp="2025-01-11T15:52:30 IST" skipped="0">
  <testcase classname="testCases.TC002_AccountLoginTest" name="accountLogin" time="1.284"/>
</testsuite> <!-- testCases.TC002_AccountLoginTest -->
