<?xml version="1.0" encoding="UTF-8"?>
<!-- Generated by org.testng.reporters.JUnitReportReporter -->
<testsuite hostname="Raji" failures="0" tests="1" name="testCases.TC001_AccountRegistrationTest" time="1.860" errors="0" timestamp="2025-01-11T15:52:30 IST" skipped="0">
  <testcase classname="testCases.TC001_AccountRegistrationTest" name="verifyAccountregistration" time="1.860"/>
</testsuite> <!-- testCases.TC001_AccountRegistrationTest -->
